<?xml version="1.0" encoding="UTF-8"?>
<!-- Generated by org.testng.reporters.JUnitXMLReporter -->
<testsuite ignored="0" hostname="DESKTOP-UMBC6TR" failures="0" tests="7" name="Test" time="23.855" errors="0" timestamp="2024-01-30T22:24:11 CST">
  <testcase classname="sauce.scenarios.testscripts.RunTest" name="virfiErorrMsg3" time="2.4"/>
  <testcase classname="sauce.scenarios.testscripts.RunTest4" name="vrifyItem" time="1.247"/>
  <testcase classname="sauce.scenarios.testscripts.RunTest5" name="verifyText" time="1.073"/>
  <testcase classname="sauce.scenarios.testscripts.RunTest5" name="verifyItem" time="0.593"/>
  <testcase classname="sauce.scenarios.testscripts.RunTest5" name="verifySuccessMsg" time="0.673"/>
  <testcase classname="sauce.scenarios.testscripts.VrifyErorrMessageScen2" name="VriFyErorrMsg" time="0.491"/>
  <testcase classname="sauce.scenarios.testscripts.VrifySuccessMessageScen1" name="vrify" time="1.773"/>
</testsuite> <!-- Test -->
