<?xml version="1.0" encoding="UTF-8"?>
<testng-results ignored="0" total="1" passed="1" failed="0" skipped="0">
  <reporter-output>
  </reporter-output>
  <suite started-at="2024-01-10T22:19:29 CST" name="Default suite" finished-at="2024-01-10T22:19:35 CST" duration-ms="5521">
    <groups>
    </groups>
    <test started-at="2024-01-10T22:19:29 CST" name="Default test" finished-at="2024-01-10T22:19:35 CST" duration-ms="5521">
      <class name="tesScriptScenario3.RunTestScinario3">
        <test-method is-config="true" signature="luanchBrowser()[pri:0, instance:tesScriptScenario3.RunTestScinario3@1a482e36]" started-at="2024-01-10T22:19:30 CST" name="luanchBrowser" finished-at="2024-01-10T22:19:34 CST" duration-ms="4160" status="PASS">
          <reporter-output>
          </reporter-output>
        </test-method> <!-- luanchBrowser -->
        <test-method signature="runTst()[pri:0, instance:tesScriptScenario3.RunTestScinario3@1a482e36]" started-at="2024-01-10T22:19:34 CST" name="runTst" finished-at="2024-01-10T22:19:35 CST" duration-ms="1294" status="PASS">
          <reporter-output>
          </reporter-output>
        </test-method> <!-- runTst -->
        <test-method is-config="true" signature="closeBrowser()[pri:0, instance:tesScriptScenario3.RunTestScinario3@1a482e36]" started-at="2024-01-10T22:19:35 CST" name="closeBrowser" finished-at="2024-01-10T22:19:35 CST" duration-ms="0" status="PASS">
          <reporter-output>
          </reporter-output>
        </test-method> <!-- closeBrowser -->
      </class> <!-- tesScriptScenario3.RunTestScinario3 -->
    </test> <!-- Default test -->
  </suite> <!-- Default suite -->
</testng-results>
